Build started 19.12.2015 16:16:00.
     1>Project "C:\Users\BOGDAN\Desktop\OpenCV\ConsoleApplication1ocv\ConsoleApplication1ocv\ConsoleApplication1ocv.vcxproj" on node 2 (Build target(s)).
     1>ClCompile:
         D:\Program Files (x86)\Microsoft Visual Studio 12.0\VC\bin\CL.exe /c /IC:\opencv\opcv2.4.11\opencv\build\x86\vc12\..\..\include /ZI /nologo /W3 /WX- /sdl /Od /Oy- /D WIN32 /D _DEBUG /D _CONSOLE /D _LIB /D _UNICODE /D UNICODE /Gm /EHsc /RTC1 /MDd /GS /fp:precise /Zc:wchar_t /Zc:forScope /Yu"stdafx.h" /Fp"Debug\ConsoleApplication1ocv.pch" /Fo"Debug\\" /Fd"Debug\vc120.pdb" /Gd /TP /analyze- /errorReport:prompt Kalman.cpp
         Kalman.cpp
     1>c:\users\bogdan\desktop\opencv\consoleapplication1ocv\consoleapplication1ocv\kalman.cpp(22): warning C4244: '=' : conversion from 'int' to 'float', possible loss of data
     1>c:\users\bogdan\desktop\opencv\consoleapplication1ocv\consoleapplication1ocv\kalman.cpp(23): warning C4244: '=' : conversion from 'int' to 'float', possible loss of data
     1>c:\users\bogdan\desktop\opencv\consoleapplication1ocv\consoleapplication1ocv\kalman.cpp(58): warning C4244: '=' : conversion from 'double' to 'float', possible loss of data
     1>c:\users\bogdan\desktop\opencv\consoleapplication1ocv\consoleapplication1ocv\kalman.cpp(59): warning C4244: '=' : conversion from 'double' to 'float', possible loss of data
     1>c:\users\bogdan\desktop\opencv\consoleapplication1ocv\consoleapplication1ocv\kalman.cpp(67): warning C4244: '=' : conversion from 'float' to 'int', possible loss of data
     1>c:\users\bogdan\desktop\opencv\consoleapplication1ocv\consoleapplication1ocv\kalman.cpp(68): warning C4244: '=' : conversion from 'float' to 'int', possible loss of data
     1>c:\users\bogdan\desktop\opencv\consoleapplication1ocv\consoleapplication1ocv\kalman.cpp(69): warning C4244: '=' : conversion from 'float' to 'int', possible loss of data
     1>c:\users\bogdan\desktop\opencv\consoleapplication1ocv\consoleapplication1ocv\kalman.cpp(70): warning C4244: '=' : conversion from 'float' to 'int', possible loss of data
     1>c:\users\bogdan\desktop\opencv\consoleapplication1ocv\consoleapplication1ocv\kalman.cpp(72): warning C4244: '=' : conversion from 'float' to 'int', possible loss of data
     1>c:\users\bogdan\desktop\opencv\consoleapplication1ocv\consoleapplication1ocv\kalman.cpp(73): warning C4244: '=' : conversion from 'float' to 'int', possible loss of data
     1>c:\users\bogdan\desktop\opencv\consoleapplication1ocv\consoleapplication1ocv\kalman.cpp(85): warning C4018: '<' : signed/unsigned mismatch
     1>c:\users\bogdan\desktop\opencv\consoleapplication1ocv\consoleapplication1ocv\kalman.cpp(92): warning C4018: '<' : signed/unsigned mismatch
     1>c:\users\bogdan\desktop\opencv\consoleapplication1ocv\consoleapplication1ocv\kalman.cpp(132): warning C4305: '=' : truncation from 'double' to 'float'
     1>c:\users\bogdan\desktop\opencv\consoleapplication1ocv\consoleapplication1ocv\kalman.cpp(133): warning C4305: '=' : truncation from 'double' to 'float'
     1>c:\users\bogdan\desktop\opencv\consoleapplication1ocv\consoleapplication1ocv\kalman.cpp(136): warning C4305: '=' : truncation from 'double' to 'float'
     1>c:\users\bogdan\desktop\opencv\consoleapplication1ocv\consoleapplication1ocv\kalman.cpp(137): warning C4305: '=' : truncation from 'double' to 'float'
       Link:
         D:\Program Files (x86)\Microsoft Visual Studio 12.0\VC\bin\link.exe /ERRORREPORT:PROMPT /OUT:"C:\Users\BOGDAN\Desktop\OpenCV\ConsoleApplication1ocv\Debug\ConsoleApplication1ocv.exe" /INCREMENTAL /NOLOGO /LIBPATH:C:\opencv\opcv2.4.11\opencv\build\x86\vc12\lib opencv_calib3d2411d.lib opencv_contrib2411d.lib opencv_core2411d.lib opencv_features2d2411d.lib opencv_flann2411d.lib opencv_gpu2411d.lib opencv_highgui2411d.lib opencv_imgproc2411d.lib opencv_legacy2411d.lib opencv_ml2411d.lib opencv_nonfree2411d.lib opencv_objdetect2411d.lib opencv_photo2411d.lib opencv_stitching2411d.lib opencv_ts2411d.lib opencv_video2411d.lib opencv_videostab2411d.lib kernel32.lib user32.lib gdi32.lib winspool.lib comdlg32.lib advapi32.lib shell32.lib ole32.lib oleaut32.lib uuid.lib odbc32.lib odbccp32.lib /MANIFEST /MANIFESTUAC:"level='asInvoker' uiAccess='false'" /manifest:embed /DEBUG /PDB:"C:\Users\BOGDAN\Desktop\OpenCV\ConsoleApplication1ocv\Debug\ConsoleApplication1ocv.pdb" /SUBSYSTEM:CONSOLE /TLBID:1 /DYNAMICBASE /NXCOMPAT /IMPLIB:"C:\Users\BOGDAN\Desktop\OpenCV\ConsoleApplication1ocv\Debug\ConsoleApplication1ocv.lib" /MACHINE:X86 Debug\Helper.obj
         Debug\Kalman.obj
         Debug\Source.obj
         Debug\Finder.obj
         Debug\stdafx.obj
         ConsoleApplication1ocv.vcxproj -> C:\Users\BOGDAN\Desktop\OpenCV\ConsoleApplication1ocv\Debug\ConsoleApplication1ocv.exe
     1>Done Building Project "C:\Users\BOGDAN\Desktop\OpenCV\ConsoleApplication1ocv\ConsoleApplication1ocv\ConsoleApplication1ocv.vcxproj" (Build target(s)).

Build succeeded.

Time Elapsed 00:00:03.44
